[2026-05-26 11:00:34] OK: up to date (HEAD=61a37381e69358c5b80c18da4b97c0147240dfdf)
fatal: unable to access 'https://github.com/agabaandre/biotimehrm.git/': Could not resolve host: github.com
[2026-05-26 18:52:58] ERROR: git fetch failed
fatal: unable to access 'https://github.com/agabaandre/biotimehrm.git/': Could not resolve host: github.com
[2026-05-26 18:57:59] ERROR: git fetch failed
fatal: unable to access 'https://github.com/agabaandre/biotimehrm.git/': Could not resolve host: github.com
[2026-05-26 19:28:38] ERROR: git fetch failed
[2026-05-27 14:00:13] OK: up to date (HEAD=61a37381e69358c5b80c18da4b97c0147240dfdf)
fatal: unable to access 'https://github.com/agabaandre/biotimehrm.git/': SSL connection timeout
[2026-05-27 14:25:15] ERROR: git fetch failed
fatal: unable to access 'https://github.com/agabaandre/biotimehrm.git/': Recv failure: Connection reset by peer
[2026-05-27 15:45:24] ERROR: git fetch failed
[2026-05-27 21:00:18] OK: up to date (HEAD=61a37381e69358c5b80c18da4b97c0147240dfdf)
fatal: unable to access 'https://github.com/agabaandre/biotimehrm.git/': SSL certificate problem: self signed certificate in certificate chain
[2026-05-28 08:25:11] ERROR: git fetch failed
fatal: unable to access 'https://github.com/agabaandre/biotimehrm.git/': Failed to connect to github.com port 443 after 903866 ms: Timeout was reached
[2026-05-28 10:03:53] ERROR: git fetch failed
fatal: unable to access 'https://github.com/agabaandre/biotimehrm.git/': Could not resolve host: github.com
[2026-05-28 21:58:30] ERROR: git fetch failed
fatal: unable to access 'https://github.com/agabaandre/biotimehrm.git/': Could not resolve host: github.com
[2026-05-28 22:24:11] ERROR: git fetch failed
fatal: unable to access 'https://github.com/agabaandre/biotimehrm.git/': SSL connection timeout
[2026-05-29 07:55:46] ERROR: git fetch failed
[2026-05-29 10:00:28] OK: up to date (HEAD=61a37381e69358c5b80c18da4b97c0147240dfdf)
[2026-05-29 11:00:00] OK: up to date (HEAD=61a37381e69358c5b80c18da4b97c0147240dfdf)
[2026-05-29 12:00:17] OK: up to date (HEAD=61a37381e69358c5b80c18da4b97c0147240dfdf)
[2026-05-29 13:00:47] OK: up to date (HEAD=61a37381e69358c5b80c18da4b97c0147240dfdf)
[2026-05-29 15:00:56] OK: up to date (HEAD=61a37381e69358c5b80c18da4b97c0147240dfdf)
fatal: unable to access 'https://github.com/agabaandre/biotimehrm.git/': Could not resolve host: github.com
[2026-05-29 17:57:23] ERROR: git fetch failed
fatal: unable to access 'https://github.com/agabaandre/biotimehrm.git/': SSL certificate problem: self signed certificate in certificate chain
[2026-05-29 22:38:53] ERROR: git fetch failed
fatal: unable to access 'https://github.com/agabaandre/biotimehrm.git/': Could not resolve host: github.com
[2026-05-30 10:54:08] ERROR: git fetch failed
[2026-05-30 20:00:27] OK: up to date (HEAD=61a37381e69358c5b80c18da4b97c0147240dfdf)
fatal: unable to access 'https://github.com/agabaandre/biotimehrm.git/': Recv failure: Connection reset by peer
[2026-05-31 01:00:20] ERROR: git fetch failed
fatal: unable to access 'https://github.com/agabaandre/biotimehrm.git/': Failed to connect to github.com port 443 after 83974 ms: Couldn't connect to server
[2026-05-31 04:41:10] ERROR: git fetch failed
[2026-05-31 16:00:25] OK: up to date (HEAD=61a37381e69358c5b80c18da4b97c0147240dfdf)
[2026-05-31 17:00:47] OK: up to date (HEAD=61a37381e69358c5b80c18da4b97c0147240dfdf)
fatal: unable to access 'https://github.com/agabaandre/biotimehrm.git/': Could not resolve host: github.com
[2026-05-31 17:16:20] ERROR: git fetch failed
fatal: unable to access 'https://github.com/agabaandre/biotimehrm.git/': Could not resolve host: github.com
[2026-05-31 17:26:55] ERROR: git fetch failed
fatal: unable to access 'https://github.com/agabaandre/biotimehrm.git/': Recv failure: Connection reset by peer
[2026-05-31 17:32:16] ERROR: git fetch failed
fatal: unable to access 'https://github.com/agabaandre/biotimehrm.git/': Could not resolve host: github.com
[2026-05-31 17:37:47] ERROR: git fetch failed
fatal: unable to access 'https://github.com/agabaandre/biotimehrm.git/': Error in the HTTP2 framing layer
[2026-05-31 17:44:22] ERROR: git fetch failed
[2026-05-31 21:00:47] OK: up to date (HEAD=61a37381e69358c5b80c18da4b97c0147240dfdf)
[2026-06-01 18:00:02] OK: up to date (HEAD=61a37381e69358c5b80c18da4b97c0147240dfdf)
[2026-06-01 19:00:28] OK: up to date (HEAD=61a37381e69358c5b80c18da4b97c0147240dfdf)
fatal: unable to access 'https://github.com/agabaandre/biotimehrm.git/': Recv failure: Connection reset by peer
[2026-06-02 02:12:30] ERROR: git fetch failed
fatal: unable to access 'https://github.com/agabaandre/biotimehrm.git/': Recv failure: Connection reset by peer
[2026-06-02 09:42:07] ERROR: git fetch failed
fatal: unable to access 'https://github.com/agabaandre/biotimehrm.git/': Could not resolve host: github.com
[2026-06-02 12:32:59] ERROR: git fetch failed
fatal: unable to access 'https://github.com/agabaandre/biotimehrm.git/': Could not resolve host: github.com
[2026-06-02 19:16:51] ERROR: git fetch failed
[2026-06-02 21:00:12] OK: up to date (HEAD=61a37381e69358c5b80c18da4b97c0147240dfdf)
[2026-06-02 22:00:55] OK: up to date (HEAD=61a37381e69358c5b80c18da4b97c0147240dfdf)
[2026-06-03 21:00:07] OK: up to date (HEAD=61a37381e69358c5b80c18da4b97c0147240dfdf)
[2026-06-03 22:00:44] OK: up to date (HEAD=61a37381e69358c5b80c18da4b97c0147240dfdf)
fatal: unable to access 'https://github.com/agabaandre/biotimehrm.git/': SSL certificate problem: self signed certificate in certificate chain
[2026-06-03 23:46:48] ERROR: git fetch failed
fatal: unable to access 'https://github.com/agabaandre/biotimehrm.git/': Could not resolve host: github.com
[2026-06-03 23:52:19] ERROR: git fetch failed
fatal: unable to access 'https://github.com/agabaandre/biotimehrm.git/': Could not resolve host: github.com
[2026-06-04 10:08:08] ERROR: git fetch failed
fatal: unable to access 'https://github.com/agabaandre/biotimehrm.git/': Could not resolve host: github.com
[2026-06-04 11:09:04] ERROR: git fetch failed
fatal: unable to access 'https://github.com/agabaandre/biotimehrm.git/': Could not resolve host: github.com
[2026-06-04 14:40:53] ERROR: git fetch failed
[2026-06-04 16:00:09] OK: up to date (HEAD=61a37381e69358c5b80c18da4b97c0147240dfdf)
[2026-06-04 17:00:26] OK: up to date (HEAD=61a37381e69358c5b80c18da4b97c0147240dfdf)
fatal: unable to access 'https://github.com/agabaandre/biotimehrm.git/': Could not resolve host: github.com
[2026-06-05 16:28:45] ERROR: git fetch failed
[2026-06-05 21:00:11] OK: up to date (HEAD=61a37381e69358c5b80c18da4b97c0147240dfdf)
[2026-06-06 16:00:18] OK: up to date (HEAD=61a37381e69358c5b80c18da4b97c0147240dfdf)
[2026-06-06 17:00:40] OK: up to date (HEAD=61a37381e69358c5b80c18da4b97c0147240dfdf)
[2026-06-07 20:00:13] OK: up to date (HEAD=61a37381e69358c5b80c18da4b97c0147240dfdf)
fatal: unable to access 'https://github.com/agabaandre/biotimehrm.git/': Could not resolve host: github.com
[2026-06-08 11:52:13] ERROR: git fetch failed
fatal: unable to access 'https://github.com/agabaandre/biotimehrm.git/': Failed to connect to github.com port 443 after 67262 ms: Couldn't connect to server
[2026-06-08 14:44:03] ERROR: git fetch failed
fatal: unable to access 'https://github.com/agabaandre/biotimehrm.git/': Failed to connect to github.com port 443 after 255 ms: Couldn't connect to server
[2026-06-08 14:54:05] ERROR: git fetch failed
fatal: unable to access 'https://github.com/agabaandre/biotimehrm.git/': Failed to connect to github.com port 443 after 46 ms: Couldn't connect to server
[2026-06-08 15:04:06] ERROR: git fetch failed
fatal: unable to access 'https://github.com/agabaandre/biotimehrm.git/': Failed to connect to github.com port 443 after 45 ms: Couldn't connect to server
[2026-06-08 15:09:07] ERROR: git fetch failed
fatal: unable to access 'https://github.com/agabaandre/biotimehrm.git/': Failed to connect to github.com port 443 after 106 ms: Couldn't connect to server
[2026-06-08 15:14:08] ERROR: git fetch failed
fatal: unable to access 'https://github.com/agabaandre/biotimehrm.git/': Failed to connect to github.com port 443 after 50 ms: Couldn't connect to server
[2026-06-08 15:24:09] ERROR: git fetch failed
fatal: unable to access 'https://github.com/agabaandre/biotimehrm.git/': Failed to connect to github.com port 443 after 54 ms: Couldn't connect to server
[2026-06-08 15:29:10] ERROR: git fetch failed
fatal: unable to access 'https://github.com/agabaandre/biotimehrm.git/': Failed to connect to github.com port 443 after 94 ms: Couldn't connect to server
[2026-06-08 15:39:11] ERROR: git fetch failed
fatal: unable to access 'https://github.com/agabaandre/biotimehrm.git/': Failed to connect to github.com port 443 after 55 ms: Couldn't connect to server
[2026-06-08 15:44:12] ERROR: git fetch failed
fatal: unable to access 'https://github.com/agabaandre/biotimehrm.git/': Failed to connect to github.com port 443 after 52 ms: Couldn't connect to server
[2026-06-08 15:49:12] ERROR: git fetch failed
fatal: unable to access 'https://github.com/agabaandre/biotimehrm.git/': Failed to connect to github.com port 443 after 93 ms: Couldn't connect to server
[2026-06-08 15:59:14] ERROR: git fetch failed
fatal: unable to access 'https://github.com/agabaandre/biotimehrm.git/': Failed to connect to github.com port 443 after 270 ms: Couldn't connect to server
[2026-06-08 16:20:25] ERROR: git fetch failed
fatal: unable to access 'https://github.com/agabaandre/biotimehrm.git/': Failed to connect to github.com port 443 after 55 ms: Couldn't connect to server
[2026-06-08 16:25:26] ERROR: git fetch failed
fatal: unable to access 'https://github.com/agabaandre/biotimehrm.git/': Could not resolve host: github.com
[2026-06-08 20:38:03] ERROR: git fetch failed
fatal: unable to access 'https://github.com/agabaandre/biotimehrm.git/': SSL certificate problem: self signed certificate in certificate chain
[2026-06-08 23:44:26] ERROR: git fetch failed
fatal: unable to access 'https://github.com/agabaandre/biotimehrm.git/': SSL certificate problem: self signed certificate in certificate chain
[2026-06-08 23:49:34] ERROR: git fetch failed
fatal: unable to access 'https://github.com/agabaandre/biotimehrm.git/': Could not resolve host: github.com
[2026-06-08 23:54:35] ERROR: git fetch failed
fatal: unable to access 'https://github.com/agabaandre/biotimehrm.git/': Could not resolve host: github.com
[2026-06-08 23:59:35] ERROR: git fetch failed
[2026-06-09 11:00:11] OK: up to date (HEAD=61a37381e69358c5b80c18da4b97c0147240dfdf)
[2026-06-09 12:00:36] OK: up to date (HEAD=61a37381e69358c5b80c18da4b97c0147240dfdf)
fatal: unable to access 'https://github.com/agabaandre/biotimehrm.git/': Could not resolve host: github.com
[2026-06-09 16:18:44] ERROR: git fetch failed
[2026-06-09 20:00:23] OK: up to date (HEAD=61a37381e69358c5b80c18da4b97c0147240dfdf)
[2026-06-10 12:00:29] OK: up to date (HEAD=61a37381e69358c5b80c18da4b97c0147240dfdf)
fatal: unable to access 'https://github.com/agabaandre/biotimehrm.git/': Failed to connect to github.com port 443 after 74 ms: Couldn't connect to server
[2026-06-10 12:05:29] ERROR: git fetch failed
fatal: unable to access 'https://github.com/agabaandre/biotimehrm.git/': Failed to connect to github.com port 443 after 105 ms: Couldn't connect to server
[2026-06-10 12:30:38] ERROR: git fetch failed
fatal: unable to access 'https://github.com/agabaandre/biotimehrm.git/': Failed to connect to github.com port 443 after 10349 ms: Couldn't connect to server
[2026-06-10 12:40:50] ERROR: git fetch failed
fatal: unable to access 'https://github.com/agabaandre/biotimehrm.git/': Failed to connect to github.com port 443 after 73 ms: Couldn't connect to server
[2026-06-10 15:50:47] ERROR: git fetch failed
[2026-06-10 16:00:53] OK: up to date (HEAD=61a37381e69358c5b80c18da4b97c0147240dfdf)
fatal: unable to access 'https://github.com/agabaandre/biotimehrm.git/': Failed to connect to github.com port 443 after 97 ms: Couldn't connect to server
[2026-06-10 16:10:56] ERROR: git fetch failed
fatal: unable to access 'https://github.com/agabaandre/biotimehrm.git/': Failed to connect to github.com port 443 after 451 ms: Couldn't connect to server
[2026-06-10 16:15:57] ERROR: git fetch failed
fatal: unable to access 'https://github.com/agabaandre/biotimehrm.git/': Failed to connect to github.com port 443 after 419 ms: Couldn't connect to server
[2026-06-10 17:02:58] ERROR: git fetch failed
fatal: unable to access 'https://github.com/agabaandre/biotimehrm.git/': Failed to connect to github.com port 443 after 277 ms: Couldn't connect to server
[2026-06-10 17:43:28] ERROR: git fetch failed
[2026-06-10 20:00:23] OK: up to date (HEAD=61a37381e69358c5b80c18da4b97c0147240dfdf)
fatal: unable to access 'https://github.com/agabaandre/biotimehrm.git/': Could not resolve host: github.com
[2026-06-10 23:19:18] ERROR: git fetch failed
[2026-06-11 09:00:07] OK: up to date (HEAD=102a4510b76338f36e83d22d17fa8ec030b3ad67)
